Performing C SOURCE FILE Test CMAKE_HAVE_LIBC_PTHREAD failed with the following output:
Change Dir: /home/firefly/GitHUb测试/ResNet50v2_RK3588_Classification/build/CMakeFiles/CMakeTmp

Run Build Command(s):/usr/bin/make cmTC_01704/fast && /usr/bin/make -f CMakeFiles/cmTC_01704.dir/build.make CMakeFiles/cmTC_01704.dir/build
make[1]: 进入目录“/home/firefly/GitHUb测试/ResNet50v2_RK3588_Classification/build/CMakeFiles/CMakeTmp”
Building C object CMakeFiles/cmTC_01704.dir/src.c.o
/usr/bin/cc   -DCMAKE_HAVE_LIBC_PTHREAD   -o CMakeFiles/cmTC_01704.dir/src.c.o   -c /home/firefly/GitHUb测试/ResNet50v2_RK3588_Classification/build/CMakeFiles/CMakeTmp/src.c
Linking C executable cmTC_01704
/usr/bin/cmake -E cmake_link_script CMakeFiles/cmTC_01704.dir/link.txt --verbose=1
/usr/bin/cc  -DCMAKE_HAVE_LIBC_PTHREAD    CMakeFiles/cmTC_01704.dir/src.c.o  -o cmTC_01704 
/usr/bin/ld: CMakeFiles/cmTC_01704.dir/src.c.o: in function `main':
src.c:(.text+0x48): undefined reference to `pthread_create'
/usr/bin/ld: src.c:(.text+0x50): undefined reference to `pthread_detach'
/usr/bin/ld: src.c:(.text+0x5c): undefined reference to `pthread_join'
collect2: error: ld returned 1 exit status
make[1]: *** [CMakeFiles/cmTC_01704.dir/build.make:87：cmTC_01704] 错误 1
make[1]: 离开目录“/home/firefly/GitHUb测试/ResNet50v2_RK3588_Classification/build/CMakeFiles/CMakeTmp”
make: *** [Makefile:121：cmTC_01704/fast] 错误 2


Source file was:
#include <pthread.h>

void* test_func(void* data)
{
  return data;
}

int main(void)
{
  pthread_t thread;
  pthread_create(&thread, NULL, test_func, NULL);
  pthread_detach(thread);
  pthread_join(thread, NULL);
  pthread_atfork(NULL, NULL, NULL);
  pthread_exit(NULL);

  return 0;
}

